[DEBUG] 2018-12-11 16:06:36,430 | /home/a2k/nextErp/frappe-bench/apps/frappe/frappe/utils/scheduler.py:
Site: websoc
Queued events for site websoc
[DEBUG] 2018-12-11 16:07:36,906 | /home/a2k/nextErp/frappe-bench/apps/frappe/frappe/utils/scheduler.py:
Site: foo.bar
Queued events for site foo.bar
[DEBUG] 2018-12-11 16:07:36,971 | /home/a2k/nextErp/frappe-bench/apps/frappe/frappe/utils/scheduler.py:
Site: healthnext
Queued events for site healthnext
[DEBUG] 2018-12-11 16:07:37,027 | /home/a2k/nextErp/frappe-bench/apps/frappe/frappe/utils/scheduler.py:
Site: websoc
Queued events for site websoc
[DEBUG] 2018-12-11 16:08:37,497 | /home/a2k/nextErp/frappe-bench/apps/frappe/frappe/utils/scheduler.py:
Site: foo.bar
Queued events for site foo.bar
[DEBUG] 2018-12-11 16:08:37,815 | /home/a2k/nextErp/frappe-bench/apps/frappe/frappe/utils/scheduler.py:
Site: healthnext
Queued events for site healthnext
[DEBUG] 2018-12-11 16:08:38,152 | /home/a2k/nextErp/frappe-bench/apps/frappe/frappe/utils/scheduler.py:
Site: websoc
Queued events for site websoc
[DEBUG] 2018-12-11 16:09:38,509 | /home/a2k/nextErp/frappe-bench/apps/frappe/frappe/utils/scheduler.py:
Site: foo.bar
Queued events for site foo.bar
[DEBUG] 2018-12-11 16:09:38,563 | /home/a2k/nextErp/frappe-bench/apps/frappe/frappe/utils/scheduler.py:
Site: healthnext
Queued events for site healthnext
[DEBUG] 2018-12-11 16:09:38,616 | /home/a2k/nextErp/frappe-bench/apps/frappe/frappe/utils/scheduler.py:
Site: websoc
Queued events for site websoc
[DEBUG] 2018-12-11 16:10:39,115 | /home/a2k/nextErp/frappe-bench/apps/frappe/frappe/utils/scheduler.py:
Site: foo.bar
Queued events for site foo.bar
[DEBUG] 2018-12-11 16:10:39,473 | /home/a2k/nextErp/frappe-bench/apps/frappe/frappe/utils/scheduler.py:
Site: healthnext
Queued events for site healthnext
[DEBUG] 2018-12-11 16:10:39,837 | /home/a2k/nextErp/frappe-bench/apps/frappe/frappe/utils/scheduler.py:
Site: websoc
Queued events for site websoc
[DEBUG] 2018-12-11 16:11:40,091 | /home/a2k/nextErp/frappe-bench/apps/frappe/frappe/utils/scheduler.py:
Site: foo.bar
Queued events for site foo.bar
[DEBUG] 2018-12-11 16:11:40,154 | /home/a2k/nextErp/frappe-bench/apps/frappe/frappe/utils/scheduler.py:
Site: healthnext
Queued events for site healthnext
[DEBUG] 2018-12-11 16:11:40,208 | /home/a2k/nextErp/frappe-bench/apps/frappe/frappe/utils/scheduler.py:
Site: websoc
Queued events for site websoc
[DEBUG] 2018-12-11 16:12:40,719 | /home/a2k/nextErp/frappe-bench/apps/frappe/frappe/utils/scheduler.py:
Site: foo.bar
Queued events for site foo.bar
[DEBUG] 2018-12-11 16:12:40,921 | /home/a2k/nextErp/frappe-bench/apps/frappe/frappe/utils/scheduler.py:
Site: healthnext
Queued events for site healthnext
[DEBUG] 2018-12-11 16:12:40,984 | /home/a2k/nextErp/frappe-bench/apps/frappe/frappe/utils/scheduler.py:
Site: websoc
Queued events for site websoc
[DEBUG] 2018-12-11 16:13:41,237 | /home/a2k/nextErp/frappe-bench/apps/frappe/frappe/utils/scheduler.py:
Site: foo.bar
Queued events for site foo.bar
[DEBUG] 2018-12-11 16:13:41,302 | /home/a2k/nextErp/frappe-bench/apps/frappe/frappe/utils/scheduler.py:
Site: healthnext
Queued events for site healthnext
[DEBUG] 2018-12-11 16:13:41,366 | /home/a2k/nextErp/frappe-bench/apps/frappe/frappe/utils/scheduler.py:
Site: websoc
Queued events for site websoc
[DEBUG] 2018-12-11 16:14:41,523 | /home/a2k/nextErp/frappe-bench/apps/frappe/frappe/utils/scheduler.py:
Site: foo.bar
Queued events for site foo.bar
[DEBUG] 2018-12-11 16:14:41,577 | /home/a2k/nextErp/frappe-bench/apps/frappe/frappe/utils/scheduler.py:
Site: healthnext
Queued events for site healthnext
[DEBUG] 2018-12-11 16:14:41,635 | /home/a2k/nextErp/frappe-bench/apps/frappe/frappe/utils/scheduler.py:
Site: websoc
Queued events for site websoc
[DEBUG] 2018-12-11 16:15:41,911 | /home/a2k/nextErp/frappe-bench/apps/frappe/frappe/utils/scheduler.py:
Site: foo.bar
Queued events for site foo.bar
[DEBUG] 2018-12-11 16:15:42,288 | /home/a2k/nextErp/frappe-bench/apps/frappe/frappe/utils/scheduler.py:
Site: healthnext
Queued events for site healthnext
[DEBUG] 2018-12-11 16:15:42,353 | /home/a2k/nextErp/frappe-bench/apps/frappe/frappe/utils/scheduler.py:
Site: websoc
Queued events for site websoc
[DEBUG] 2018-12-11 16:16:42,580 | /home/a2k/nextErp/frappe-bench/apps/frappe/frappe/utils/scheduler.py:
Site: foo.bar
Queued events for site foo.bar
[DEBUG] 2018-12-11 16:16:42,961 | /home/a2k/nextErp/frappe-bench/apps/frappe/frappe/utils/scheduler.py:
Site: healthnext
Queued events for site healthnext
[DEBUG] 2018-12-11 16:16:43,016 | /home/a2k/nextErp/frappe-bench/apps/frappe/frappe/utils/scheduler.py:
Site: websoc
Queued events for site websoc
[DEBUG] 2018-12-11 16:17:43,248 | /home/a2k/nextErp/frappe-bench/apps/frappe/frappe/utils/scheduler.py:
Site: foo.bar
Queued events for site foo.bar
[DEBUG] 2018-12-11 16:17:43,304 | /home/a2k/nextErp/frappe-bench/apps/frappe/frappe/utils/scheduler.py:
Site: healthnext
Queued events for site healthnext
[DEBUG] 2018-12-11 16:17:43,362 | /home/a2k/nextErp/frappe-bench/apps/frappe/frappe/utils/scheduler.py:
Site: websoc
Queued events for site websoc
[DEBUG] 2018-12-11 16:18:43,587 | /home/a2k/nextErp/frappe-bench/apps/frappe/frappe/utils/scheduler.py:
Site: foo.bar
Queued events for site foo.bar
[DEBUG] 2018-12-11 16:18:43,650 | /home/a2k/nextErp/frappe-bench/apps/frappe/frappe/utils/scheduler.py:
Site: healthnext
Queued events for site healthnext
[DEBUG] 2018-12-11 16:18:43,705 | /home/a2k/nextErp/frappe-bench/apps/frappe/frappe/utils/scheduler.py:
Site: websoc
Queued events for site websoc
[DEBUG] 2018-12-11 16:19:43,951 | /home/a2k/nextErp/frappe-bench/apps/frappe/frappe/utils/scheduler.py:
Site: foo.bar
Queued events for site foo.bar
[DEBUG] 2018-12-11 16:19:43,999 | /home/a2k/nextErp/frappe-bench/apps/frappe/frappe/utils/scheduler.py:
Site: healthnext
Queued events for site healthnext
[DEBUG] 2018-12-11 16:19:44,050 | /home/a2k/nextErp/frappe-bench/apps/frappe/frappe/utils/scheduler.py:
Site: websoc
Queued events for site websoc
[DEBUG] 2018-12-11 16:20:44,467 | /home/a2k/nextErp/frappe-bench/apps/frappe/frappe/utils/scheduler.py:
Site: foo.bar
Queued events for site foo.bar
[DEBUG] 2018-12-11 16:20:44,828 | /home/a2k/nextErp/frappe-bench/apps/frappe/frappe/utils/scheduler.py:
Site: healthnext
Queued events for site healthnext
[DEBUG] 2018-12-11 16:20:45,158 | /home/a2k/nextErp/frappe-bench/apps/frappe/frappe/utils/scheduler.py:
Site: websoc
Queued events for site websoc
[DEBUG] 2018-12-11 16:21:45,685 | /home/a2k/nextErp/frappe-bench/apps/frappe/frappe/utils/scheduler.py:
Site: foo.bar
Queued events for site foo.bar
[DEBUG] 2018-12-11 16:21:45,739 | /home/a2k/nextErp/frappe-bench/apps/frappe/frappe/utils/scheduler.py:
Site: healthnext
Queued events for site healthnext
[DEBUG] 2018-12-11 16:21:45,787 | /home/a2k/nextErp/frappe-bench/apps/frappe/frappe/utils/scheduler.py:
Site: websoc
Queued events for site websoc
[DEBUG] 2018-12-11 16:22:46,151 | /home/a2k/nextErp/frappe-bench/apps/frappe/frappe/utils/scheduler.py:
Site: foo.bar
Queued events for site foo.bar
[DEBUG] 2018-12-11 16:22:46,482 | /home/a2k/nextErp/frappe-bench/apps/frappe/frappe/utils/scheduler.py:
Site: healthnext
Queued events for site healthnext
[DEBUG] 2018-12-11 16:22:46,810 | /home/a2k/nextErp/frappe-bench/apps/frappe/frappe/utils/scheduler.py:
Site: websoc
Queued events for site websoc
[DEBUG] 2018-12-11 16:23:47,652 | /home/a2k/nextErp/frappe-bench/apps/frappe/frappe/utils/scheduler.py:
Site: foo.bar
Queued events for site foo.bar
[DEBUG] 2018-12-11 16:23:48,266 | /home/a2k/nextErp/frappe-bench/apps/frappe/frappe/utils/scheduler.py:
Site: healthnext
Queued events for site healthnext
[DEBUG] 2018-12-11 16:23:48,576 | /home/a2k/nextErp/frappe-bench/apps/frappe/frappe/utils/scheduler.py:
Site: websoc
Queued events for site websoc
[DEBUG] 2018-12-11 16:24:49,301 | /home/a2k/nextErp/frappe-bench/apps/frappe/frappe/utils/scheduler.py:
Site: foo.bar
Queued events for site foo.bar
[DEBUG] 2018-12-11 16:24:49,715 | /home/a2k/nextErp/frappe-bench/apps/frappe/frappe/utils/scheduler.py:
Site: healthnext
Queued events for site healthnext
[DEBUG] 2018-12-11 16:24:50,455 | /home/a2k/nextErp/frappe-bench/apps/frappe/frappe/utils/scheduler.py:
Site: websoc
Queued events for site websoc
[DEBUG] 2018-12-11 16:25:50,697 | /home/a2k/nextErp/frappe-bench/apps/frappe/frappe/utils/scheduler.py:
Site: foo.bar
Queued events for site foo.bar
[DEBUG] 2018-12-11 16:25:50,755 | /home/a2k/nextErp/frappe-bench/apps/frappe/frappe/utils/scheduler.py:
Site: healthnext
Queued events for site healthnext
[DEBUG] 2018-12-11 16:25:50,812 | /home/a2k/nextErp/frappe-bench/apps/frappe/frappe/utils/scheduler.py:
Site: websoc
Queued events for site websoc
[DEBUG] 2018-12-11 16:26:51,026 | /home/a2k/nextErp/frappe-bench/apps/frappe/frappe/utils/scheduler.py:
Site: foo.bar
Queued events for site foo.bar
[DEBUG] 2018-12-11 16:26:51,070 | /home/a2k/nextErp/frappe-bench/apps/frappe/frappe/utils/scheduler.py:
Site: healthnext
Queued events for site healthnext
[DEBUG] 2018-12-11 16:26:51,107 | /home/a2k/nextErp/frappe-bench/apps/frappe/frappe/utils/scheduler.py:
Site: websoc
Queued events for site websoc
[DEBUG] 2018-12-11 16:27:51,334 | /home/a2k/nextErp/frappe-bench/apps/frappe/frappe/utils/scheduler.py:
Site: foo.bar
Queued events for site foo.bar
[DEBUG] 2018-12-11 16:27:51,401 | /home/a2k/nextErp/frappe-bench/apps/frappe/frappe/utils/scheduler.py:
Site: healthnext
Queued events for site healthnext
[DEBUG] 2018-12-11 16:27:51,465 | /home/a2k/nextErp/frappe-bench/apps/frappe/frappe/utils/scheduler.py:
Site: websoc
Queued events for site websoc
[DEBUG] 2018-12-11 16:28:51,731 | /home/a2k/nextErp/frappe-bench/apps/frappe/frappe/utils/scheduler.py:
Site: foo.bar
Queued events for site foo.bar
[DEBUG] 2018-12-11 16:28:51,787 | /home/a2k/nextErp/frappe-bench/apps/frappe/frappe/utils/scheduler.py:
Site: healthnext
Queued events for site healthnext
[DEBUG] 2018-12-11 16:28:51,843 | /home/a2k/nextErp/frappe-bench/apps/frappe/frappe/utils/scheduler.py:
Site: websoc
Queued events for site websoc
[DEBUG] 2018-12-11 16:29:52,062 | /home/a2k/nextErp/frappe-bench/apps/frappe/frappe/utils/scheduler.py:
Site: foo.bar
Queued events for site foo.bar
[DEBUG] 2018-12-11 16:29:52,115 | /home/a2k/nextErp/frappe-bench/apps/frappe/frappe/utils/scheduler.py:
Site: healthnext
Queued events for site healthnext
[DEBUG] 2018-12-11 16:29:52,161 | /home/a2k/nextErp/frappe-bench/apps/frappe/frappe/utils/scheduler.py:
Site: websoc
Queued events for site websoc
[DEBUG] 2018-12-11 16:30:52,387 | /home/a2k/nextErp/frappe-bench/apps/frappe/frappe/utils/scheduler.py:
Site: foo.bar
Queued events for site foo.bar
[DEBUG] 2018-12-11 16:30:52,441 | /home/a2k/nextErp/frappe-bench/apps/frappe/frappe/utils/scheduler.py:
Site: healthnext
Queued events for site healthnext
[DEBUG] 2018-12-11 16:30:52,496 | /home/a2k/nextErp/frappe-bench/apps/frappe/frappe/utils/scheduler.py:
Site: websoc
Queued events for site websoc
[DEBUG] 2018-12-11 16:32:02,222 | /home/a2k/nextErp/frappe-bench/apps/frappe/frappe/utils/scheduler.py:
Site: foo.bar
Queued events for site foo.bar
[DEBUG] 2018-12-11 16:32:02,405 | /home/a2k/nextErp/frappe-bench/apps/frappe/frappe/utils/scheduler.py:
Site: healthnext
Queued events for site healthnext
[DEBUG] 2018-12-11 16:32:02,535 | /home/a2k/nextErp/frappe-bench/apps/frappe/frappe/utils/scheduler.py:
Site: websoc
Queued events for site websoc
[DEBUG] 2018-12-11 16:33:04,437 | /home/a2k/nextErp/frappe-bench/apps/frappe/frappe/utils/scheduler.py:
Site: foo.bar
Queued events for site foo.bar
[DEBUG] 2018-12-11 16:33:04,489 | /home/a2k/nextErp/frappe-bench/apps/frappe/frappe/utils/scheduler.py:
Site: healthnext
Queued events for site healthnext
[DEBUG] 2018-12-11 16:33:04,534 | /home/a2k/nextErp/frappe-bench/apps/frappe/frappe/utils/scheduler.py:
Site: websoc
Queued events for site websoc
[DEBUG] 2018-12-11 16:34:04,846 | /home/a2k/nextErp/frappe-bench/apps/frappe/frappe/utils/scheduler.py:
Site: foo.bar
Queued events for site foo.bar
[DEBUG] 2018-12-11 16:34:04,990 | /home/a2k/nextErp/frappe-bench/apps/frappe/frappe/utils/scheduler.py:
Site: healthnext
Queued events for site healthnext
[DEBUG] 2018-12-11 16:34:05,123 | /home/a2k/nextErp/frappe-bench/apps/frappe/frappe/utils/scheduler.py:
Site: websoc
Queued events for site websoc
[DEBUG] 2018-12-11 16:35:05,408 | /home/a2k/nextErp/frappe-bench/apps/frappe/frappe/utils/scheduler.py:
Site: foo.bar
Queued events for site foo.bar
[DEBUG] 2018-12-11 16:35:05,472 | /home/a2k/nextErp/frappe-bench/apps/frappe/frappe/utils/scheduler.py:
Site: healthnext
Queued events for site healthnext
[DEBUG] 2018-12-11 16:35:05,527 | /home/a2k/nextErp/frappe-bench/apps/frappe/frappe/utils/scheduler.py:
Site: websoc
Queued events for site websoc
[DEBUG] 2018-12-11 16:36:05,780 | /home/a2k/nextErp/frappe-bench/apps/frappe/frappe/utils/scheduler.py:
Site: foo.bar
Queued events for site foo.bar
[DEBUG] 2018-12-11 16:36:05,847 | /home/a2k/nextErp/frappe-bench/apps/frappe/frappe/utils/scheduler.py:
Site: healthnext
Queued events for site healthnext
[DEBUG] 2018-12-11 16:36:05,909 | /home/a2k/nextErp/frappe-bench/apps/frappe/frappe/utils/scheduler.py:
Site: websoc
Queued events for site websoc
[DEBUG] 2018-12-11 16:37:06,138 | /home/a2k/nextErp/frappe-bench/apps/frappe/frappe/utils/scheduler.py:
Site: foo.bar
Queued events for site foo.bar
[DEBUG] 2018-12-11 16:37:06,965 | /home/a2k/nextErp/frappe-bench/apps/frappe/frappe/utils/scheduler.py:
Site: healthnext
Queued events for site healthnext
[DEBUG] 2018-12-11 16:37:07,292 | /home/a2k/nextErp/frappe-bench/apps/frappe/frappe/utils/scheduler.py:
Site: websoc
Queued events for site websoc
[DEBUG] 2018-12-11 16:38:08,976 | /home/a2k/nextErp/frappe-bench/apps/frappe/frappe/utils/scheduler.py:
Site: foo.bar
Queued events for site foo.bar
[DEBUG] 2018-12-11 16:38:09,065 | /home/a2k/nextErp/frappe-bench/apps/frappe/frappe/utils/scheduler.py:
Site: healthnext
Queued events for site healthnext
[DEBUG] 2018-12-11 16:38:09,422 | /home/a2k/nextErp/frappe-bench/apps/frappe/frappe/utils/scheduler.py:
Site: websoc
Queued events for site websoc
[DEBUG] 2018-12-11 16:39:11,062 | /home/a2k/nextErp/frappe-bench/apps/frappe/frappe/utils/scheduler.py:
Site: foo.bar
Queued events for site foo.bar
[DEBUG] 2018-12-11 16:39:11,135 | /home/a2k/nextErp/frappe-bench/apps/frappe/frappe/utils/scheduler.py:
Site: healthnext
Queued events for site healthnext
[DEBUG] 2018-12-11 16:39:11,189 | /home/a2k/nextErp/frappe-bench/apps/frappe/frappe/utils/scheduler.py:
Site: websoc
Queued events for site websoc
[DEBUG] 2018-12-11 16:40:11,489 | /home/a2k/nextErp/frappe-bench/apps/frappe/frappe/utils/scheduler.py:
Site: foo.bar
Queued events for site foo.bar
[DEBUG] 2018-12-11 16:40:11,553 | /home/a2k/nextErp/frappe-bench/apps/frappe/frappe/utils/scheduler.py:
Site: healthnext
Queued events for site healthnext
[DEBUG] 2018-12-11 16:40:11,609 | /home/a2k/nextErp/frappe-bench/apps/frappe/frappe/utils/scheduler.py:
Site: websoc
Queued events for site websoc
[DEBUG] 2018-12-11 16:41:12,082 | /home/a2k/nextErp/frappe-bench/apps/frappe/frappe/utils/scheduler.py:
Site: foo.bar
Queued events for site foo.bar
[DEBUG] 2018-12-11 16:41:12,144 | /home/a2k/nextErp/frappe-bench/apps/frappe/frappe/utils/scheduler.py:
Site: healthnext
Queued events for site healthnext
[DEBUG] 2018-12-11 16:41:12,193 | /home/a2k/nextErp/frappe-bench/apps/frappe/frappe/utils/scheduler.py:
Site: websoc
Queued events for site websoc
[DEBUG] 2018-12-11 16:42:12,452 | /home/a2k/nextErp/frappe-bench/apps/frappe/frappe/utils/scheduler.py:
Site: foo.bar
Queued events for site foo.bar
[DEBUG] 2018-12-11 16:42:12,515 | /home/a2k/nextErp/frappe-bench/apps/frappe/frappe/utils/scheduler.py:
Site: healthnext
Queued events for site healthnext
[DEBUG] 2018-12-11 16:42:12,571 | /home/a2k/nextErp/frappe-bench/apps/frappe/frappe/utils/scheduler.py:
Site: websoc
Queued events for site websoc
[DEBUG] 2018-12-11 16:43:12,995 | /home/a2k/nextErp/frappe-bench/apps/frappe/frappe/utils/scheduler.py:
Site: foo.bar
Queued events for site foo.bar
[DEBUG] 2018-12-11 16:43:13,359 | /home/a2k/nextErp/frappe-bench/apps/frappe/frappe/utils/scheduler.py:
Site: healthnext
Queued events for site healthnext
[DEBUG] 2018-12-11 16:43:13,701 | /home/a2k/nextErp/frappe-bench/apps/frappe/frappe/utils/scheduler.py:
Site: websoc
Queued events for site websoc
[DEBUG] 2018-12-11 16:44:13,960 | /home/a2k/nextErp/frappe-bench/apps/frappe/frappe/utils/scheduler.py:
Site: foo.bar
Queued events for site foo.bar
[DEBUG] 2018-12-11 16:44:14,016 | /home/a2k/nextErp/frappe-bench/apps/frappe/frappe/utils/scheduler.py:
Site: healthnext
Queued events for site healthnext
[DEBUG] 2018-12-11 16:44:14,073 | /home/a2k/nextErp/frappe-bench/apps/frappe/frappe/utils/scheduler.py:
Site: websoc
Queued events for site websoc
[DEBUG] 2018-12-11 16:45:14,588 | /home/a2k/nextErp/frappe-bench/apps/frappe/frappe/utils/scheduler.py:
Site: foo.bar
Queued events for site foo.bar
[DEBUG] 2018-12-11 16:45:14,928 | /home/a2k/nextErp/frappe-bench/apps/frappe/frappe/utils/scheduler.py:
Site: healthnext
Queued events for site healthnext
[DEBUG] 2018-12-11 16:45:15,293 | /home/a2k/nextErp/frappe-bench/apps/frappe/frappe/utils/scheduler.py:
Site: websoc
Queued events for site websoc
[DEBUG] 2018-12-11 16:46:15,461 | /home/a2k/nextErp/frappe-bench/apps/frappe/frappe/utils/scheduler.py:
Site: foo.bar
Queued events for site foo.bar
[DEBUG] 2018-12-11 16:46:15,524 | /home/a2k/nextErp/frappe-bench/apps/frappe/frappe/utils/scheduler.py:
Site: healthnext
Queued events for site healthnext
[DEBUG] 2018-12-11 16:46:15,581 | /home/a2k/nextErp/frappe-bench/apps/frappe/frappe/utils/scheduler.py:
Site: websoc
Queued events for site websoc
[DEBUG] 2018-12-11 16:47:15,728 | /home/a2k/nextErp/frappe-bench/apps/frappe/frappe/utils/scheduler.py:
Site: foo.bar
Queued events for site foo.bar
[DEBUG] 2018-12-11 16:47:15,805 | /home/a2k/nextErp/frappe-bench/apps/frappe/frappe/utils/scheduler.py:
Site: healthnext
Queued events for site healthnext
[DEBUG] 2018-12-11 16:47:15,911 | /home/a2k/nextErp/frappe-bench/apps/frappe/frappe/utils/scheduler.py:
Site: websoc
Queued events for site websoc
[DEBUG] 2018-12-11 16:48:16,365 | /home/a2k/nextErp/frappe-bench/apps/frappe/frappe/utils/scheduler.py:
Site: foo.bar
Queued events for site foo.bar
[DEBUG] 2018-12-11 16:48:16,515 | /home/a2k/nextErp/frappe-bench/apps/frappe/frappe/utils/scheduler.py:
Site: healthnext
Queued events for site healthnext
[DEBUG] 2018-12-11 16:48:16,656 | /home/a2k/nextErp/frappe-bench/apps/frappe/frappe/utils/scheduler.py:
Site: websoc
Queued events for site websoc
